
  .   ____          _            __ _ _
 /\\ / ___'_ __ _ _(_)_ __  __ _ \ \ \ \
( ( )\___ | '_ | '_| | '_ \/ _` | \ \ \ \
 \\/  ___)| |_)| | | | | || (_| |  ) ) ) )
  '  |____| .__|_| |_|_| |_\__, | / / / /
 =========|_|==============|___/=/_/_/_/
 :: Spring Boot ::                (v2.5.0)

2021-06-02 18:34:04.854  INFO 22696 --- [  restartedMain] r.d.t.m.module5.Module5Application       : Starting Module5Application using Java 11.0.3 on DESKTOP-LD6C3TU with PID 22696 (D:\!WORK\Diasoft\TutorialMicroservices\module5\target\classes started by LeGo in D:\!WORK\Diasoft\TutorialMicroservices)
2021-06-02 18:34:04.856  INFO 22696 --- [  restartedMain] r.d.t.m.module5.Module5Application       : No active profile set, falling back to default profiles: default
2021-06-02 18:34:04.902  INFO 22696 --- [  restartedMain] o.s.b.devtools.restart.ChangeableUrls    : The Class-Path manifest attribute in C:\Users\LeGo\.m2\repository\org\liquibase\liquibase-core\4.3.5\liquibase-core-4.3.5.jar referenced one or more files that do not exist: file:/C:/Users/LeGo/.m2/repository/org/liquibase/liquibase-core/4.3.5/commons-cli-1.4.jar,file:/C:/Users/LeGo/.m2/repository/org/liquibase/liquibase-core/4.3.5/snakeyaml-1.27.jar
2021-06-02 18:34:04.902  INFO 22696 --- [  restartedMain] .e.DevToolsPropertyDefaultsPostProcessor : Devtools property defaults active! Set 'spring.devtools.add-properties' to 'false' to disable
2021-06-02 18:34:04.902  INFO 22696 --- [  restartedMain] .e.DevToolsPropertyDefaultsPostProcessor : For additional web related logging consider setting the 'logging.level.web' property to 'DEBUG'
2021-06-02 18:34:05.460  INFO 22696 --- [  restartedMain] .s.d.r.c.RepositoryConfigurationDelegate : Bootstrapping Spring Data JPA repositories in DEFAULT mode.
2021-06-02 18:34:05.504  INFO 22696 --- [  restartedMain] .s.d.r.c.RepositoryConfigurationDelegate : Finished Spring Data repository scanning in 37 ms. Found 1 JPA repository interfaces.
2021-06-02 18:34:05.957  INFO 22696 --- [  restartedMain] o.s.b.w.embedded.tomcat.TomcatWebServer  : Tomcat initialized with port(s): 8080 (http)
2021-06-02 18:34:05.966  INFO 22696 --- [  restartedMain] o.apache.catalina.core.StandardService   : Starting service [Tomcat]
2021-06-02 18:34:05.966  INFO 22696 --- [  restartedMain] org.apache.catalina.core.StandardEngine  : Starting Servlet engine: [Apache Tomcat/9.0.46]
2021-06-02 18:34:06.062  INFO 22696 --- [  restartedMain] o.a.c.c.C.[Tomcat].[localhost].[/]       : Initializing Spring embedded WebApplicationContext
2021-06-02 18:34:06.062  INFO 22696 --- [  restartedMain] w.s.c.ServletWebServerApplicationContext : Root WebApplicationContext: initialization completed in 1159 ms
2021-06-02 18:34:06.161  INFO 22696 --- [  restartedMain] com.zaxxer.hikari.HikariDataSource       : HikariPool-1 - Starting...
2021-06-02 18:34:06.319  INFO 22696 --- [  restartedMain] com.zaxxer.hikari.HikariDataSource       : HikariPool-1 - Start completed.
2021-06-02 18:34:06.718  INFO 22696 --- [  restartedMain] liquibase.lockservice                    : Successfully acquired change log lock
2021-06-02 18:34:06.967  INFO 22696 --- [  restartedMain] liquibase.changelog                      : Reading from public.databasechangelog
2021-06-02 18:34:07.030  INFO 22696 --- [  restartedMain] liquibase.lockservice                    : Successfully released change log lock
2021-06-02 18:34:07.033  INFO 22696 --- [  restartedMain] liquibase.lockservice                    : Successfully acquired change log lock
Skipping auto-registration
2021-06-02 18:34:07.034  WARN 22696 --- [  restartedMain] liquibase.hub                            : Skipping auto-registration
2021-06-02 18:34:07.047  INFO 22696 --- [  restartedMain] liquibase.changelog                      : Table message created
2021-06-02 18:34:07.048  INFO 22696 --- [  restartedMain] liquibase.changelog                      : ChangeSet db/changelog/db.changelog-lesson.yaml::1_create_table_Message::egrishkova ran successfully in 11ms
2021-06-02 18:34:07.054  INFO 22696 --- [  restartedMain] liquibase.changelog                      : New row inserted into message
2021-06-02 18:34:07.054  INFO 22696 --- [  restartedMain] liquibase.changelog                      : New row inserted into message
2021-06-02 18:34:07.055  INFO 22696 --- [  restartedMain] liquibase.changelog                      : New row inserted into message
2021-06-02 18:34:07.055  INFO 22696 --- [  restartedMain] liquibase.changelog                      : ChangeSet db/changelog/db.changelog-lesson.yaml::2_fill_table_Message::egrishkova ran successfully in 3ms
2021-06-02 18:34:07.058  INFO 22696 --- [  restartedMain] liquibase.lockservice                    : Successfully released change log lock
2021-06-02 18:34:07.128  INFO 22696 --- [  restartedMain] o.hibernate.jpa.internal.util.LogHelper  : HHH000204: Processing PersistenceUnitInfo [name: default]
2021-06-02 18:34:07.160  INFO 22696 --- [  restartedMain] org.hibernate.Version                    : HHH000412: Hibernate ORM core version 5.4.31.Final
2021-06-02 18:34:07.249  INFO 22696 --- [  restartedMain] o.hibernate.annotations.common.Version   : HCANN000001: Hibernate Commons Annotations {5.1.2.Final}
2021-06-02 18:34:07.334  INFO 22696 --- [  restartedMain] org.hibernate.dialect.Dialect            : HHH000400: Using dialect: org.hibernate.dialect.PostgreSQL10Dialect
2021-06-02 18:34:07.700  INFO 22696 --- [  restartedMain] o.h.e.t.j.p.i.JtaPlatformInitiator       : HHH000490: Using JtaPlatform implementation: [org.hibernate.engine.transaction.jta.platform.internal.NoJtaPlatform]
2021-06-02 18:34:07.707  INFO 22696 --- [  restartedMain] j.LocalContainerEntityManagerFactoryBean : Initialized JPA EntityManagerFactory for persistence unit 'default'
2021-06-02 18:34:07.958  WARN 22696 --- [  restartedMain] JpaBaseConfiguration$JpaWebConfiguration : spring.jpa.open-in-view is enabled by default. Therefore, database queries may be performed during view rendering. Explicitly configure spring.jpa.open-in-view to disable this warning
2021-06-02 18:34:08.222  INFO 22696 --- [  restartedMain] o.s.b.d.a.OptionalLiveReloadServer       : LiveReload server is running on port 35729
2021-06-02 18:34:08.257  INFO 22696 --- [  restartedMain] o.s.b.w.embedded.tomcat.TomcatWebServer  : Tomcat started on port(s): 8080 (http) with context path ''
2021-06-02 18:34:08.269  INFO 22696 --- [  restartedMain] r.d.t.m.module5.Module5Application       : Started Module5Application in 3.797 seconds (JVM running for 4.868)
2021-06-02 18:34:08.270  INFO 22696 --- [  restartedMain] o.s.b.a.ApplicationAvailabilityBean      : Application availability state LivenessState changed to CORRECT
2021-06-02 18:34:08.272  INFO 22696 --- [  restartedMain] o.s.b.a.ApplicationAvailabilityBean      : Application availability state ReadinessState changed to ACCEPTING_TRAFFIC