"D:\Program Files\JetBrains\IntelliJ IDEA 2019.2.1\jbr\bin\java.exe" -XX:TieredStopAtLevel=1 -noverify -Dspring.output.ansi.enabled=always -Dcom.sun.management.jmxremote -Dspring.jmx.enabled=true -Dspring.liveBeansView.mbeanDomain -Dspring.application.admin.enabled=true "-javaagent:D:\Program Files\JetBrains\IntelliJ IDEA 2019.2.1\lib\idea_rt.jar=63955:D:\Program Files\JetBrains\IntelliJ IDEA 2019.2.1\bin" -Dfile.encoding=UTF-8 -classpath D:\!WORK\Diasoft\TutorialMicroservices\module10\target\classes;C:\Users\LeGo\.m2\repository\org\springframework\cloud\spring-cloud-starter-stream-kafka\3.1.1\spring-cloud-starter-stream-kafka-3.1.1.jar;C:\Users\LeGo\.m2\repository\org\springframework\cloud\spring-cloud-stream-binder-kafka\3.1.1\spring-cloud-stream-binder-kafka-3.1.1.jar;C:\Users\LeGo\.m2\repository\org\springframework\cloud\spring-cloud-stream-binder-kafka-core\3.1.1\spring-cloud-stream-binder-kafka-core-3.1.1.jar;C:\Users\LeGo\.m2\repository\org\springframework\integration\spring-integration-kafka\5.5.0\spring-integration-kafka-5.5.0.jar;C:\Users\LeGo\.m2\repository\org\springframework\cloud\spring-cloud-stream\3.1.1\spring-cloud-stream-3.1.1.jar;C:\Users\LeGo\.m2\repository\org\springframework\boot\spring-boot-starter-validation\2.5.1\spring-boot-starter-validation-2.5.1.jar;C:\Users\LeGo\.m2\repository\org\apache\tomcat\embed\tomcat-embed-el\9.0.46\tomcat-embed-el-9.0.46.jar;C:\Users\LeGo\.m2\repository\org\hibernate\validator\hibernate-validator\6.2.0.Final\hibernate-validator-6.2.0.Final.jar;C:\Users\LeGo\.m2\repository\jakarta\validation\jakarta.validation-api\2.0.2\jakarta.validation-api-2.0.2.jar;C:\Users\LeGo\.m2\repository\org\jboss\logging\jboss-logging\3.4.2.Final\jboss-logging-3.4.2.Final.jar;C:\Users\LeGo\.m2\repository\com\fasterxml\classmate\1.5.1\classmate-1.5.1.jar;C:\Users\LeGo\.m2\repository\org\springframework\spring-messaging\5.3.8\spring-messaging-5.3.8.jar;C:\Users\LeGo\.m2\repository\org\springframework\spring-beans\5.3.8\spring-beans-5.3.8.jar;C:\Users\LeGo\.m2\repository\org\springframework\integration\spring-integration-core\5.5.0\spring-integration-core-5.5.0.jar;C:\Users\LeGo\.m2\repository\org\springframework\spring-aop\5.3.8\spring-aop-5.3.8.jar;C:\Users\LeGo\.m2\repository\io\projectreactor\reactor-core\3.4.6\reactor-core-3.4.6.jar;C:\Users\LeGo\.m2\repository\org\reactivestreams\reactive-streams\1.0.3\reactive-streams-1.0.3.jar;C:\Users\LeGo\.m2\repository\org\springframework\integration\spring-integration-jmx\5.5.0\spring-integration-jmx-5.5.0.jar;C:\Users\LeGo\.m2\repository\org\springframework\retry\spring-retry\1.3.1\spring-retry-1.3.1.jar;C:\Users\LeGo\.m2\repository\javax\annotation\javax.annotation-api\1.3.2\javax.annotation-api-1.3.2.jar;C:\Users\LeGo\.m2\repository\org\springframework\cloud\spring-cloud-function-context\3.1.1\spring-cloud-function-context-3.1.1.jar;C:\Users\LeGo\.m2\repository\net\jodah\typetools\0.6.2\typetools-0.6.2.jar;C:\Users\LeGo\.m2\repository\org\springframework\cloud\spring-cloud-function-core\3.1.1\spring-cloud-function-core-3.1.1.jar;C:\Users\LeGo\.m2\repository\com\fasterxml\jackson\core\jackson-databind\2.12.3\jackson-databind-2.12.3.jar;C:\Users\LeGo\.m2\repository\com\fasterxml\jackson\core\jackson-annotations\2.12.3\jackson-annotations-2.12.3.jar;C:\Users\LeGo\.m2\repository\com\fasterxml\jackson\core\jackson-core\2.12.3\jackson-core-2.12.3.jar;C:\Users\LeGo\.m2\repository\org\apache\kafka\kafka-clients\2.7.1\kafka-clients-2.7.1.jar;C:\Users\LeGo\.m2\repository\com\github\luben\zstd-jni\1.4.5-6\zstd-jni-1.4.5-6.jar;C:\Users\LeGo\.m2\repository\org\lz4\lz4-java\1.7.1\lz4-java-1.7.1.jar;C:\Users\LeGo\.m2\repository\org\xerial\snappy\snappy-java\1.1.7.7\snappy-java-1.1.7.7.jar;C:\Users\LeGo\.m2\repository\org\springframework\kafka\spring-kafka\2.7.2\spring-kafka-2.7.2.jar;C:\Users\LeGo\.m2\repository\org\springframework\spring-context\5.3.8\spring-context-5.3.8.jar;C:\Users\LeGo\.m2\repository\org\springframework\spring-expression\5.3.8\spring-expression-5.3.8.jar;C:\Users\LeGo\.m2\repository\org\springframework\spring-tx\5.3.8\spring-tx-5.3.8.jar;C:\Users\LeGo\.m2\repository\org\jetbrains\kotlin\kotlin-stdlib\1.5.10\kotlin-stdlib-1.5.10.jar;C:\Users\LeGo\.m2\repository\org\jetbrains\annotations\13.0\annotations-13.0.jar;C:\Users\LeGo\.m2\repository\org\jetbrains\kotlin\kotlin-stdlib-common\1.5.10\kotlin-stdlib-common-1.5.10.jar;C:\Users\LeGo\.m2\repository\com\google\code\findbugs\jsr305\3.0.2\jsr305-3.0.2.jar;C:\Users\LeGo\.m2\repository\org\apache\logging\log4j\log4j-api\2.14.1\log4j-api-2.14.1.jar;C:\Users\LeGo\.m2\repository\org\springframework\boot\spring-boot-starter\2.5.1\spring-boot-starter-2.5.1.jar;C:\Users\LeGo\.m2\repository\org\springframework\boot\spring-boot\2.5.1\spring-boot-2.5.1.jar;C:\Users\LeGo\.m2\repository\org\springframework\boot\spring-boot-autoconfigure\2.5.1\spring-boot-autoconfigure-2.5.1.jar;C:\Users\LeGo\.m2\repository\org\springframework\boot\spring-boot-starter-logging\2.5.1\spring-boot-starter-logging-2.5.1.jar;C:\Users\LeGo\.m2\repository\ch\qos\logback\logback-classic\1.2.3\logback-classic-1.2.3.jar;C:\Users\LeGo\.m2\repository\ch\qos\logback\logback-core\1.2.3\logback-core-1.2.3.jar;C:\Users\LeGo\.m2\repository\org\apache\logging\log4j\log4j-to-slf4j\2.14.1\log4j-to-slf4j-2.14.1.jar;C:\Users\LeGo\.m2\repository\org\slf4j\jul-to-slf4j\1.7.30\jul-to-slf4j-1.7.30.jar;C:\Users\LeGo\.m2\repository\jakarta\annotation\jakarta.annotation-api\1.3.5\jakarta.annotation-api-1.3.5.jar;C:\Users\LeGo\.m2\repository\org\yaml\snakeyaml\1.28\snakeyaml-1.28.jar;C:\Users\LeGo\.m2\repository\org\slf4j\slf4j-api\1.7.30\slf4j-api-1.7.30.jar;C:\Users\LeGo\.m2\repository\org\springframework\spring-core\5.3.8\spring-core-5.3.8.jar;C:\Users\LeGo\.m2\repository\org\springframework\spring-jcl\5.3.8\spring-jcl-5.3.8.jar ru.diasoft.tutorial.microservices.module10.Module10Application

  .   ____          _            __ _ _
 /\\ / ___'_ __ _ _(_)_ __  __ _ \ \ \ \
( ( )\___ | '_ | '_| | '_ \/ _` | \ \ \ \
 \\/  ___)| |_)| | | | | || (_| |  ) ) ) )
  '  |____| .__|_| |_|_| |_\__, | / / / /
 =========|_|==============|___/=/_/_/_/
 :: Spring Boot ::                (v2.5.1)

2021-06-17 23:26:03.078  INFO 17252 --- [           main] r.d.t.m.module10.Module10Application     : Starting Module10Application using Java 11.0.3 on DESKTOP-LD6C3TU with PID 17252 (D:\!WORK\Diasoft\TutorialMicroservices\module10\target\classes started by LeGo in D:\!WORK\Diasoft\TutorialMicroservices)
2021-06-17 23:26:03.081 DEBUG 17252 --- [           main] r.d.t.m.module10.Module10Application     : Running with Spring Boot v2.5.1, Spring v5.3.8
2021-06-17 23:26:03.081  INFO 17252 --- [           main] r.d.t.m.module10.Module10Application     : No active profile set, falling back to default profiles: default
2021-06-17 23:26:03.713  INFO 17252 --- [           main] o.s.c.a.ConfigurationClassEnhancer       : @Bean method FunctionConfiguration.po is non-static and returns an object assignable to Spring's BeanFactoryPostProcessor interface. This will result in a failure to process annotations such as @Autowired, @Resource and @PostConstruct within the method's declaring @Configuration class. Add the 'static' modifier to this method to avoid these container lifecycle issues; see @Bean javadoc for complete details.
2021-06-17 23:26:03.724  INFO 17252 --- [           main] faultConfiguringBeanFactoryPostProcessor : No bean named 'errorChannel' has been explicitly defined. Therefore, a default PublishSubscribeChannel will be created.
2021-06-17 23:26:03.733  INFO 17252 --- [           main] faultConfiguringBeanFactoryPostProcessor : No bean named 'integrationHeaderChannelRegistry' has been explicitly defined. Therefore, a default DefaultHeaderChannelRegistry will be created.
2021-06-17 23:26:03.804  INFO 17252 --- [           main] trationDelegate$BeanPostProcessorChecker : Bean 'integrationChannelResolver' of type [org.springframework.integration.support.channel.BeanFactoryChannelResolver] is not eligible for getting processed by all BeanPostProcessors (for example: not eligible for auto-proxying)
2021-06-17 23:26:03.807  INFO 17252 --- [           main] trationDelegate$BeanPostProcessorChecker : Bean 'integrationDisposableAutoCreatedBeans' of type [org.springframework.integration.config.annotation.Disposables] is not eligible for getting processed by all BeanPostProcessors (for example: not eligible for auto-proxying)
2021-06-17 23:26:03.815  INFO 17252 --- [           main] trationDelegate$BeanPostProcessorChecker : Bean 'org.springframework.integration.config.IntegrationManagementConfiguration' of type [org.springframework.integration.config.IntegrationManagementConfiguration] is not eligible for getting processed by all BeanPostProcessors (for example: not eligible for auto-proxying)
2021-06-17 23:26:03.820  INFO 17252 --- [           main] trationDelegate$BeanPostProcessorChecker : Bean 'org.springframework.boot.autoconfigure.integration.IntegrationAutoConfiguration$IntegrationJmxConfiguration' of type [org.springframework.boot.autoconfigure.integration.IntegrationAutoConfiguration$IntegrationJmxConfiguration] is not eligible for getting processed by all BeanPostProcessors (for example: not eligible for auto-proxying)
2021-06-17 23:26:03.826  INFO 17252 --- [           main] trationDelegate$BeanPostProcessorChecker : Bean 'org.springframework.boot.autoconfigure.jmx.JmxAutoConfiguration' of type [org.springframework.boot.autoconfigure.jmx.JmxAutoConfiguration] is not eligible for getting processed by all BeanPostProcessors (for example: not eligible for auto-proxying)
2021-06-17 23:26:03.829  INFO 17252 --- [           main] trationDelegate$BeanPostProcessorChecker : Bean 'mbeanServer' of type [com.sun.jmx.mbeanserver.JmxMBeanServer] is not eligible for getting processed by all BeanPostProcessors (for example: not eligible for auto-proxying)
2021-06-17 23:26:04.172  INFO 17252 --- [           main] onConfiguration$FunctionBindingRegistrar : Functional binding is disabled due to the presense of @EnableBinding annotation in your configuration
2021-06-17 23:26:04.279  INFO 17252 --- [           main] o.s.i.monitor.IntegrationMBeanExporter   : Registering MessageChannel directed
2021-06-17 23:26:04.319  INFO 17252 --- [           main] o.s.i.monitor.IntegrationMBeanExporter   : Registering MessageChannel errorChannel
2021-06-17 23:26:04.342  INFO 17252 --- [           main] o.s.i.monitor.IntegrationMBeanExporter   : Registering MessageChannel broadcasts
2021-06-17 23:26:04.346  INFO 17252 --- [           main] o.s.i.monitor.IntegrationMBeanExporter   : Registering MessageChannel nullChannel
2021-06-17 23:26:04.356  INFO 17252 --- [           main] o.s.i.monitor.IntegrationMBeanExporter   : Registering MessageHandler _org.springframework.integration.errorLogger
2021-06-17 23:26:04.392  INFO 17252 --- [           main] o.s.c.s.m.DirectWithAttributesChannel    : Channel 'application.broadcasts' has 1 subscriber(s).
2021-06-17 23:26:04.392  INFO 17252 --- [           main] o.s.c.s.m.DirectWithAttributesChannel    : Channel 'application.directed' has 1 subscriber(s).
2021-06-17 23:26:04.395  INFO 17252 --- [           main] o.s.i.endpoint.EventDrivenConsumer       : Adding {logging-channel-adapter:_org.springframework.integration.errorLogger} as a subscriber to the 'errorChannel' channel
2021-06-17 23:26:04.395  INFO 17252 --- [           main] o.s.i.channel.PublishSubscribeChannel    : Channel 'application.errorChannel' has 1 subscriber(s).
2021-06-17 23:26:04.395  INFO 17252 --- [           main] o.s.i.endpoint.EventDrivenConsumer       : started bean '_org.springframework.integration.errorLogger'
2021-06-17 23:26:04.396  INFO 17252 --- [           main] o.s.c.s.binder.DefaultBinderFactory      : Creating binder: binderName
2021-06-17 23:26:04.517  INFO 17252 --- [           main] o.s.c.s.binder.DefaultBinderFactory      : Caching the binder: binderName
2021-06-17 23:26:04.517  INFO 17252 --- [           main] o.s.c.s.binder.DefaultBinderFactory      : Retrieving cached binder: binderName
2021-06-17 23:26:04.578  INFO 17252 --- [           main] o.a.k.clients.admin.AdminClientConfig    : AdminClientConfig values: 
	bootstrap.servers = [localhost:9092]
	client.dns.lookup = use_all_dns_ips
	client.id = 
	connections.max.idle.ms = 300000
	default.api.timeout.ms = 60000
	metadata.max.age.ms = 300000
	metric.reporters = []
	metrics.num.samples = 2
	metrics.recording.level = INFO
	metrics.sample.window.ms = 30000
	receive.buffer.bytes = 65536
	reconnect.backoff.max.ms = 1000
	reconnect.backoff.ms = 50
	request.timeout.ms = 30000
	retries = 2147483647
	retry.backoff.ms = 100
	sasl.client.callback.handler.class = null
	sasl.jaas.config = null
	sasl.kerberos.kinit.cmd = /usr/bin/kinit
	sasl.kerberos.min.time.before.relogin = 60000
	sasl.kerberos.service.name = null
	sasl.kerberos.ticket.renew.jitter = 0.05
	sasl.kerberos.ticket.renew.window.factor = 0.8
	sasl.login.callback.handler.class = null
	sasl.login.class = null
	sasl.login.refresh.buffer.seconds = 300
	sasl.login.refresh.min.period.seconds = 60
	sasl.login.refresh.window.factor = 0.8
	sasl.login.refresh.window.jitter = 0.05
	sasl.mechanism = GSSAPI
	security.protocol = PLAINTEXT
	security.providers = null
	send.buffer.bytes = 131072
	socket.connection.setup.timeout.max.ms = 127000
	socket.connection.setup.timeout.ms = 10000
	ssl.cipher.suites = null
	ssl.enabled.protocols = [TLSv1.2, TLSv1.3]
	ssl.endpoint.identification.algorithm = https
	ssl.engine.factory.class = null
	ssl.key.password = null
	ssl.keymanager.algorithm = SunX509
	ssl.keystore.certificate.chain = null
	ssl.keystore.key = null
	ssl.keystore.location = null
	ssl.keystore.password = null
	ssl.keystore.type = JKS
	ssl.protocol = TLSv1.3
	ssl.provider = null
	ssl.secure.random.implementation = null
	ssl.trustmanager.algorithm = PKIX
	ssl.truststore.certificates = null
	ssl.truststore.location = null
	ssl.truststore.password = null
	ssl.truststore.type = JKS

2021-06-17 23:26:04.617  INFO 17252 --- [           main] o.a.kafka.common.utils.AppInfoParser     : Kafka version: 2.7.1
2021-06-17 23:26:04.618  INFO 17252 --- [           main] o.a.kafka.common.utils.AppInfoParser     : Kafka commitId: 61dbce85d0d41457
2021-06-17 23:26:04.618  INFO 17252 --- [           main] o.a.kafka.common.utils.AppInfoParser     : Kafka startTimeMs: 1623961564616
2021-06-17 23:26:04.812  INFO 17252 --- [| adminclient-1] o.a.kafka.common.utils.AppInfoParser     : App info kafka.admin.client for adminclient-1 unregistered
2021-06-17 23:26:04.817  INFO 17252 --- [| adminclient-1] org.apache.kafka.common.metrics.Metrics  : Metrics scheduler closed
2021-06-17 23:26:04.817  INFO 17252 --- [| adminclient-1] org.apache.kafka.common.metrics.Metrics  : Closing reporter org.apache.kafka.common.metrics.JmxReporter
2021-06-17 23:26:04.817  INFO 17252 --- [| adminclient-1] org.apache.kafka.common.metrics.Metrics  : Metrics reporters closed
2021-06-17 23:26:04.824  INFO 17252 --- [           main] o.a.k.clients.consumer.ConsumerConfig    : ConsumerConfig values: 
	allow.auto.create.topics = true
	auto.commit.interval.ms = 100
	auto.offset.reset = latest
	bootstrap.servers = [localhost:9092]
	check.crcs = true
	client.dns.lookup = use_all_dns_ips
	client.id = consumer-anonymous.b232751e-5d3b-4718-9c1a-c33b64527b98-1
	client.rack = 
	connections.max.idle.ms = 540000
	default.api.timeout.ms = 60000
	enable.auto.commit = false
	exclude.internal.topics = true
	fetch.max.bytes = 52428800
	fetch.max.wait.ms = 500
	fetch.min.bytes = 1
	group.id = anonymous.b232751e-5d3b-4718-9c1a-c33b64527b98
	group.instance.id = null
	heartbeat.interval.ms = 3000
	interceptor.classes = []
	internal.leave.group.on.close = true
	internal.throw.on.fetch.stable.offset.unsupported = false
	isolation.level = read_uncommitted
	key.deserializer = class org.apache.kafka.common.serialization.ByteArrayDeserializer
	max.partition.fetch.bytes = 1048576
	max.poll.interval.ms = 300000
	max.poll.records = 500
	metadata.max.age.ms = 300000
	metric.reporters = []
	metrics.num.samples = 2
	metrics.recording.level = INFO
	metrics.sample.window.ms = 30000
	partition.assignment.strategy = [class org.apache.kafka.clients.consumer.RangeAssignor]
	receive.buffer.bytes = 65536
	reconnect.backoff.max.ms = 1000
	reconnect.backoff.ms = 50
	request.timeout.ms = 30000
	retry.backoff.ms = 100
	sasl.client.callback.handler.class = null
	sasl.jaas.config = null
	sasl.kerberos.kinit.cmd = /usr/bin/kinit
	sasl.kerberos.min.time.before.relogin = 60000
	sasl.kerberos.service.name = null
	sasl.kerberos.ticket.renew.jitter = 0.05
	sasl.kerberos.ticket.renew.window.factor = 0.8
	sasl.login.callback.handler.class = null
	sasl.login.class = null
	sasl.login.refresh.buffer.seconds = 300
	sasl.login.refresh.min.period.seconds = 60
	sasl.login.refresh.window.factor = 0.8
	sasl.login.refresh.window.jitter = 0.05
	sasl.mechanism = GSSAPI
	security.protocol = PLAINTEXT
	security.providers = null
	send.buffer.bytes = 131072
	session.timeout.ms = 10000
	socket.connection.setup.timeout.max.ms = 127000
	socket.connection.setup.timeout.ms = 10000
	ssl.cipher.suites = null
	ssl.enabled.protocols = [TLSv1.2, TLSv1.3]
	ssl.endpoint.identification.algorithm = https
	ssl.engine.factory.class = null
	ssl.key.password = null
	ssl.keymanager.algorithm = SunX509
	ssl.keystore.certificate.chain = null
	ssl.keystore.key = null
	ssl.keystore.location = null
	ssl.keystore.password = null
	ssl.keystore.type = JKS
	ssl.protocol = TLSv1.3
	ssl.provider = null
	ssl.secure.random.implementation = null
	ssl.trustmanager.algorithm = PKIX
	ssl.truststore.certificates = null
	ssl.truststore.location = null
	ssl.truststore.password = null
	ssl.truststore.type = JKS
	value.deserializer = class org.apache.kafka.common.serialization.ByteArrayDeserializer

2021-06-17 23:26:04.849  INFO 17252 --- [           main] o.a.kafka.common.utils.AppInfoParser     : Kafka version: 2.7.1
2021-06-17 23:26:04.849  INFO 17252 --- [           main] o.a.kafka.common.utils.AppInfoParser     : Kafka commitId: 61dbce85d0d41457
2021-06-17 23:26:04.849  INFO 17252 --- [           main] o.a.kafka.common.utils.AppInfoParser     : Kafka startTimeMs: 1623961564849
2021-06-17 23:26:04.856  INFO 17252 --- [           main] org.apache.kafka.clients.Metadata        : [Consumer clientId=consumer-anonymous.b232751e-5d3b-4718-9c1a-c33b64527b98-1, groupId=anonymous.b232751e-5d3b-4718-9c1a-c33b64527b98] Cluster ID: 8hnYtnmgQYejKAbBki2tQQ
2021-06-17 23:26:04.857  INFO 17252 --- [           main] org.apache.kafka.common.metrics.Metrics  : Metrics scheduler closed
2021-06-17 23:26:04.858  INFO 17252 --- [           main] org.apache.kafka.common.metrics.Metrics  : Closing reporter org.apache.kafka.common.metrics.JmxReporter
2021-06-17 23:26:04.858  INFO 17252 --- [           main] org.apache.kafka.common.metrics.Metrics  : Metrics reporters closed
2021-06-17 23:26:04.859  INFO 17252 --- [           main] o.a.kafka.common.utils.AppInfoParser     : App info kafka.consumer for consumer-anonymous.b232751e-5d3b-4718-9c1a-c33b64527b98-1 unregistered
2021-06-17 23:26:04.880  INFO 17252 --- [           main] o.s.c.stream.binder.BinderErrorChannel   : Channel 'demo.anonymous.b232751e-5d3b-4718-9c1a-c33b64527b98.errors' has 1 subscriber(s).
2021-06-17 23:26:04.880  INFO 17252 --- [           main] o.s.c.stream.binder.BinderErrorChannel   : Channel 'demo.anonymous.b232751e-5d3b-4718-9c1a-c33b64527b98.errors' has 0 subscriber(s).
2021-06-17 23:26:04.880  INFO 17252 --- [           main] o.s.c.stream.binder.BinderErrorChannel   : Channel 'demo.anonymous.b232751e-5d3b-4718-9c1a-c33b64527b98.errors' has 1 subscriber(s).
2021-06-17 23:26:04.880  INFO 17252 --- [           main] o.s.c.stream.binder.BinderErrorChannel   : Channel 'demo.anonymous.b232751e-5d3b-4718-9c1a-c33b64527b98.errors' has 2 subscriber(s).
2021-06-17 23:26:04.890  INFO 17252 --- [           main] o.a.k.clients.consumer.ConsumerConfig    : ConsumerConfig values: 
	allow.auto.create.topics = true
	auto.commit.interval.ms = 100
	auto.offset.reset = latest
	bootstrap.servers = [localhost:9092]
	check.crcs = true
	client.dns.lookup = use_all_dns_ips
	client.id = consumer-anonymous.b232751e-5d3b-4718-9c1a-c33b64527b98-2
	client.rack = 
	connections.max.idle.ms = 540000
	default.api.timeout.ms = 60000
	enable.auto.commit = false
	exclude.internal.topics = true
	fetch.max.bytes = 52428800
	fetch.max.wait.ms = 500
	fetch.min.bytes = 1
	group.id = anonymous.b232751e-5d3b-4718-9c1a-c33b64527b98
	group.instance.id = null
	heartbeat.interval.ms = 3000
	interceptor.classes = []
	internal.leave.group.on.close = true
	internal.throw.on.fetch.stable.offset.unsupported = false
	isolation.level = read_uncommitted
	key.deserializer = class org.apache.kafka.common.serialization.ByteArrayDeserializer
	max.partition.fetch.bytes = 1048576
	max.poll.interval.ms = 300000
	max.poll.records = 500
	metadata.max.age.ms = 300000
	metric.reporters = []
	metrics.num.samples = 2
	metrics.recording.level = INFO
	metrics.sample.window.ms = 30000
	partition.assignment.strategy = [class org.apache.kafka.clients.consumer.RangeAssignor]
	receive.buffer.bytes = 65536
	reconnect.backoff.max.ms = 1000
	reconnect.backoff.ms = 50
	request.timeout.ms = 30000
	retry.backoff.ms = 100
	sasl.client.callback.handler.class = null
	sasl.jaas.config = null
	sasl.kerberos.kinit.cmd = /usr/bin/kinit
	sasl.kerberos.min.time.before.relogin = 60000
	sasl.kerberos.service.name = null
	sasl.kerberos.ticket.renew.jitter = 0.05
	sasl.kerberos.ticket.renew.window.factor = 0.8
	sasl.login.callback.handler.class = null
	sasl.login.class = null
	sasl.login.refresh.buffer.seconds = 300
	sasl.login.refresh.min.period.seconds = 60
	sasl.login.refresh.window.factor = 0.8
	sasl.login.refresh.window.jitter = 0.05
	sasl.mechanism = GSSAPI
	security.protocol = PLAINTEXT
	security.providers = null
	send.buffer.bytes = 131072
	session.timeout.ms = 10000
	socket.connection.setup.timeout.max.ms = 127000
	socket.connection.setup.timeout.ms = 10000
	ssl.cipher.suites = null
	ssl.enabled.protocols = [TLSv1.2, TLSv1.3]
	ssl.endpoint.identification.algorithm = https
	ssl.engine.factory.class = null
	ssl.key.password = null
	ssl.keymanager.algorithm = SunX509
	ssl.keystore.certificate.chain = null
	ssl.keystore.key = null
	ssl.keystore.location = null
	ssl.keystore.password = null
	ssl.keystore.type = JKS
	ssl.protocol = TLSv1.3
	ssl.provider = null
	ssl.secure.random.implementation = null
	ssl.trustmanager.algorithm = PKIX
	ssl.truststore.certificates = null
	ssl.truststore.location = null
	ssl.truststore.password = null
	ssl.truststore.type = JKS
	value.deserializer = class org.apache.kafka.common.serialization.ByteArrayDeserializer

2021-06-17 23:26:04.896  INFO 17252 --- [           main] o.a.kafka.common.utils.AppInfoParser     : Kafka version: 2.7.1
2021-06-17 23:26:04.896  INFO 17252 --- [           main] o.a.kafka.common.utils.AppInfoParser     : Kafka commitId: 61dbce85d0d41457
2021-06-17 23:26:04.896  INFO 17252 --- [           main] o.a.kafka.common.utils.AppInfoParser     : Kafka startTimeMs: 1623961564896
2021-06-17 23:26:04.897  INFO 17252 --- [           main] o.a.k.clients.consumer.KafkaConsumer     : [Consumer clientId=consumer-anonymous.b232751e-5d3b-4718-9c1a-c33b64527b98-2, groupId=anonymous.b232751e-5d3b-4718-9c1a-c33b64527b98] Subscribed to topic(s): demo
2021-06-17 23:26:04.900  INFO 17252 --- [           main] s.i.k.i.KafkaMessageDrivenChannelAdapter : started org.springframework.integration.kafka.inbound.KafkaMessageDrivenChannelAdapter@ef718de
2021-06-17 23:26:04.902  INFO 17252 --- [           main] o.s.c.s.binder.DefaultBinderFactory      : Retrieving cached binder: binderName
2021-06-17 23:26:04.904  INFO 17252 --- [           main] o.a.k.clients.admin.AdminClientConfig    : AdminClientConfig values: 
	bootstrap.servers = [localhost:9092]
	client.dns.lookup = use_all_dns_ips
	client.id = 
	connections.max.idle.ms = 300000
	default.api.timeout.ms = 60000
	metadata.max.age.ms = 300000
	metric.reporters = []
	metrics.num.samples = 2
	metrics.recording.level = INFO
	metrics.sample.window.ms = 30000
	receive.buffer.bytes = 65536
	reconnect.backoff.max.ms = 1000
	reconnect.backoff.ms = 50
	request.timeout.ms = 30000
	retries = 2147483647
	retry.backoff.ms = 100
	sasl.client.callback.handler.class = null
	sasl.jaas.config = null
	sasl.kerberos.kinit.cmd = /usr/bin/kinit
	sasl.kerberos.min.time.before.relogin = 60000
	sasl.kerberos.service.name = null
	sasl.kerberos.ticket.renew.jitter = 0.05
	sasl.kerberos.ticket.renew.window.factor = 0.8
	sasl.login.callback.handler.class = null
	sasl.login.class = null
	sasl.login.refresh.buffer.seconds = 300
	sasl.login.refresh.min.period.seconds = 60
	sasl.login.refresh.window.factor = 0.8
	sasl.login.refresh.window.jitter = 0.05
	sasl.mechanism = GSSAPI
	security.protocol = PLAINTEXT
	security.providers = null
	send.buffer.bytes = 131072
	socket.connection.setup.timeout.max.ms = 127000
	socket.connection.setup.timeout.ms = 10000
	ssl.cipher.suites = null
	ssl.enabled.protocols = [TLSv1.2, TLSv1.3]
	ssl.endpoint.identification.algorithm = https
	ssl.engine.factory.class = null
	ssl.key.password = null
	ssl.keymanager.algorithm = SunX509
	ssl.keystore.certificate.chain = null
	ssl.keystore.key = null
	ssl.keystore.location = null
	ssl.keystore.password = null
	ssl.keystore.type = JKS
	ssl.protocol = TLSv1.3
	ssl.provider = null
	ssl.secure.random.implementation = null
	ssl.trustmanager.algorithm = PKIX
	ssl.truststore.certificates = null
	ssl.truststore.location = null
	ssl.truststore.password = null
	ssl.truststore.type = JKS

2021-06-17 23:26:04.907  INFO 17252 --- [           main] o.a.kafka.common.utils.AppInfoParser     : Kafka version: 2.7.1
2021-06-17 23:26:04.907  INFO 17252 --- [           main] o.a.kafka.common.utils.AppInfoParser     : Kafka commitId: 61dbce85d0d41457
2021-06-17 23:26:04.907  INFO 17252 --- [           main] o.a.kafka.common.utils.AppInfoParser     : Kafka startTimeMs: 1623961564907
2021-06-17 23:26:04.911  INFO 17252 --- [container-0-C-1] org.apache.kafka.clients.Metadata        : [Consumer clientId=consumer-anonymous.b232751e-5d3b-4718-9c1a-c33b64527b98-2, groupId=anonymous.b232751e-5d3b-4718-9c1a-c33b64527b98] Cluster ID: 8hnYtnmgQYejKAbBki2tQQ
2021-06-17 23:26:04.912  INFO 17252 --- [container-0-C-1] o.a.k.c.c.internals.AbstractCoordinator  : [Consumer clientId=consumer-anonymous.b232751e-5d3b-4718-9c1a-c33b64527b98-2, groupId=anonymous.b232751e-5d3b-4718-9c1a-c33b64527b98] Discovered group coordinator 10.5.206.25:9092 (id: 2147483647 rack: null)
2021-06-17 23:26:04.913  INFO 17252 --- [container-0-C-1] o.a.k.c.c.internals.AbstractCoordinator  : [Consumer clientId=consumer-anonymous.b232751e-5d3b-4718-9c1a-c33b64527b98-2, groupId=anonymous.b232751e-5d3b-4718-9c1a-c33b64527b98] (Re-)joining group
2021-06-17 23:26:04.919  INFO 17252 --- [| adminclient-2] o.a.kafka.common.utils.AppInfoParser     : App info kafka.admin.client for adminclient-2 unregistered
2021-06-17 23:26:04.921  INFO 17252 --- [| adminclient-2] org.apache.kafka.common.metrics.Metrics  : Metrics scheduler closed
2021-06-17 23:26:04.921  INFO 17252 --- [| adminclient-2] org.apache.kafka.common.metrics.Metrics  : Closing reporter org.apache.kafka.common.metrics.JmxReporter
2021-06-17 23:26:04.921  INFO 17252 --- [| adminclient-2] org.apache.kafka.common.metrics.Metrics  : Metrics reporters closed
2021-06-17 23:26:04.922  INFO 17252 --- [           main] o.a.k.clients.consumer.ConsumerConfig    : ConsumerConfig values: 
	allow.auto.create.topics = true
	auto.commit.interval.ms = 100
	auto.offset.reset = earliest
	bootstrap.servers = [localhost:9092]
	check.crcs = true
	client.dns.lookup = use_all_dns_ips
	client.id = consumer-test-p2p-group-3
	client.rack = 
	connections.max.idle.ms = 540000
	default.api.timeout.ms = 60000
	enable.auto.commit = false
	exclude.internal.topics = true
	fetch.max.bytes = 52428800
	fetch.max.wait.ms = 500
	fetch.min.bytes = 1
	group.id = test-p2p-group
	group.instance.id = null
	heartbeat.interval.ms = 3000
	interceptor.classes = []
	internal.leave.group.on.close = true
	internal.throw.on.fetch.stable.offset.unsupported = false
	isolation.level = read_uncommitted
	key.deserializer = class org.apache.kafka.common.serialization.ByteArrayDeserializer
	max.partition.fetch.bytes = 1048576
	max.poll.interval.ms = 300000
	max.poll.records = 500
	metadata.max.age.ms = 300000
	metric.reporters = []
	metrics.num.samples = 2
	metrics.recording.level = INFO
	metrics.sample.window.ms = 30000
	partition.assignment.strategy = [class org.apache.kafka.clients.consumer.RangeAssignor]
	receive.buffer.bytes = 65536
	reconnect.backoff.max.ms = 1000
	reconnect.backoff.ms = 50
	request.timeout.ms = 30000
	retry.backoff.ms = 100
	sasl.client.callback.handler.class = null
	sasl.jaas.config = null
	sasl.kerberos.kinit.cmd = /usr/bin/kinit
	sasl.kerberos.min.time.before.relogin = 60000
	sasl.kerberos.service.name = null
	sasl.kerberos.ticket.renew.jitter = 0.05
	sasl.kerberos.ticket.renew.window.factor = 0.8
	sasl.login.callback.handler.class = null
	sasl.login.class = null
	sasl.login.refresh.buffer.seconds = 300
	sasl.login.refresh.min.period.seconds = 60
	sasl.login.refresh.window.factor = 0.8
	sasl.login.refresh.window.jitter = 0.05
	sasl.mechanism = GSSAPI
	security.protocol = PLAINTEXT
	security.providers = null
	send.buffer.bytes = 131072
	session.timeout.ms = 10000
	socket.connection.setup.timeout.max.ms = 127000
	socket.connection.setup.timeout.ms = 10000
	ssl.cipher.suites = null
	ssl.enabled.protocols = [TLSv1.2, TLSv1.3]
	ssl.endpoint.identification.algorithm = https
	ssl.engine.factory.class = null
	ssl.key.password = null
	ssl.keymanager.algorithm = SunX509
	ssl.keystore.certificate.chain = null
	ssl.keystore.key = null
	ssl.keystore.location = null
	ssl.keystore.password = null
	ssl.keystore.type = JKS
	ssl.protocol = TLSv1.3
	ssl.provider = null
	ssl.secure.random.implementation = null
	ssl.trustmanager.algorithm = PKIX
	ssl.truststore.certificates = null
	ssl.truststore.location = null
	ssl.truststore.password = null
	ssl.truststore.type = JKS
	value.deserializer = class org.apache.kafka.common.serialization.ByteArrayDeserializer

2021-06-17 23:26:04.926  INFO 17252 --- [           main] o.a.kafka.common.utils.AppInfoParser     : Kafka version: 2.7.1
2021-06-17 23:26:04.926  INFO 17252 --- [container-0-C-1] o.a.k.c.c.internals.AbstractCoordinator  : [Consumer clientId=consumer-anonymous.b232751e-5d3b-4718-9c1a-c33b64527b98-2, groupId=anonymous.b232751e-5d3b-4718-9c1a-c33b64527b98] (Re-)joining group
2021-06-17 23:26:04.926  INFO 17252 --- [           main] o.a.kafka.common.utils.AppInfoParser     : Kafka commitId: 61dbce85d0d41457
2021-06-17 23:26:04.926  INFO 17252 --- [           main] o.a.kafka.common.utils.AppInfoParser     : Kafka startTimeMs: 1623961564926
2021-06-17 23:26:04.930  INFO 17252 --- [           main] org.apache.kafka.clients.Metadata        : [Consumer clientId=consumer-test-p2p-group-3, groupId=test-p2p-group] Cluster ID: 8hnYtnmgQYejKAbBki2tQQ
2021-06-17 23:26:04.930  INFO 17252 --- [container-0-C-1] o.a.k.c.c.internals.AbstractCoordinator  : [Consumer clientId=consumer-anonymous.b232751e-5d3b-4718-9c1a-c33b64527b98-2, groupId=anonymous.b232751e-5d3b-4718-9c1a-c33b64527b98] Successfully joined group with generation Generation{generationId=1, memberId='consumer-anonymous.b232751e-5d3b-4718-9c1a-c33b64527b98-2-b4214049-5cc2-4af5-acbf-b7b908185c19', protocol='range'}
2021-06-17 23:26:04.931  INFO 17252 --- [           main] org.apache.kafka.common.metrics.Metrics  : Metrics scheduler closed
2021-06-17 23:26:04.931  INFO 17252 --- [           main] org.apache.kafka.common.metrics.Metrics  : Closing reporter org.apache.kafka.common.metrics.JmxReporter
2021-06-17 23:26:04.931  INFO 17252 --- [           main] org.apache.kafka.common.metrics.Metrics  : Metrics reporters closed
2021-06-17 23:26:04.932  INFO 17252 --- [           main] o.a.kafka.common.utils.AppInfoParser     : App info kafka.consumer for consumer-test-p2p-group-3 unregistered
2021-06-17 23:26:04.932  INFO 17252 --- [container-0-C-1] o.a.k.c.c.internals.ConsumerCoordinator  : [Consumer clientId=consumer-anonymous.b232751e-5d3b-4718-9c1a-c33b64527b98-2, groupId=anonymous.b232751e-5d3b-4718-9c1a-c33b64527b98] Finished assignment for group at generation 1: {consumer-anonymous.b232751e-5d3b-4718-9c1a-c33b64527b98-2-b4214049-5cc2-4af5-acbf-b7b908185c19=Assignment(partitions=[demo-0])}
2021-06-17 23:26:04.937  INFO 17252 --- [           main] o.s.c.stream.binder.BinderErrorChannel   : Channel 'demo-p2p.test-p2p-group.errors' has 1 subscriber(s).
2021-06-17 23:26:04.937  INFO 17252 --- [           main] o.s.c.stream.binder.BinderErrorChannel   : Channel 'demo-p2p.test-p2p-group.errors' has 0 subscriber(s).
2021-06-17 23:26:04.937  INFO 17252 --- [           main] o.s.c.stream.binder.BinderErrorChannel   : Channel 'demo-p2p.test-p2p-group.errors' has 1 subscriber(s).
2021-06-17 23:26:04.937  INFO 17252 --- [           main] o.s.c.stream.binder.BinderErrorChannel   : Channel 'demo-p2p.test-p2p-group.errors' has 2 subscriber(s).
2021-06-17 23:26:04.937  INFO 17252 --- [container-0-C-1] o.a.k.c.c.internals.AbstractCoordinator  : [Consumer clientId=consumer-anonymous.b232751e-5d3b-4718-9c1a-c33b64527b98-2, groupId=anonymous.b232751e-5d3b-4718-9c1a-c33b64527b98] Successfully synced group in generation Generation{generationId=1, memberId='consumer-anonymous.b232751e-5d3b-4718-9c1a-c33b64527b98-2-b4214049-5cc2-4af5-acbf-b7b908185c19', protocol='range'}
2021-06-17 23:26:04.938  INFO 17252 --- [container-0-C-1] o.a.k.c.c.internals.ConsumerCoordinator  : [Consumer clientId=consumer-anonymous.b232751e-5d3b-4718-9c1a-c33b64527b98-2, groupId=anonymous.b232751e-5d3b-4718-9c1a-c33b64527b98] Notifying assignor about the new Assignment(partitions=[demo-0])
2021-06-17 23:26:04.938  INFO 17252 --- [           main] o.a.k.clients.consumer.ConsumerConfig    : ConsumerConfig values: 
	allow.auto.create.topics = true
	auto.commit.interval.ms = 100
	auto.offset.reset = earliest
	bootstrap.servers = [localhost:9092]
	check.crcs = true
	client.dns.lookup = use_all_dns_ips
	client.id = consumer-test-p2p-group-4
	client.rack = 
	connections.max.idle.ms = 540000
	default.api.timeout.ms = 60000
	enable.auto.commit = false
	exclude.internal.topics = true
	fetch.max.bytes = 52428800
	fetch.max.wait.ms = 500
	fetch.min.bytes = 1
	group.id = test-p2p-group
	group.instance.id = null
	heartbeat.interval.ms = 3000
	interceptor.classes = []
	internal.leave.group.on.close = true
	internal.throw.on.fetch.stable.offset.unsupported = false
	isolation.level = read_uncommitted
	key.deserializer = class org.apache.kafka.common.serialization.ByteArrayDeserializer
	max.partition.fetch.bytes = 1048576
	max.poll.interval.ms = 300000
	max.poll.records = 500
	metadata.max.age.ms = 300000
	metric.reporters = []
	metrics.num.samples = 2
	metrics.recording.level = INFO
	metrics.sample.window.ms = 30000
	partition.assignment.strategy = [class org.apache.kafka.clients.consumer.RangeAssignor]
	receive.buffer.bytes = 65536
	reconnect.backoff.max.ms = 1000
	reconnect.backoff.ms = 50
	request.timeout.ms = 30000
	retry.backoff.ms = 100
	sasl.client.callback.handler.class = null
	sasl.jaas.config = null
	sasl.kerberos.kinit.cmd = /usr/bin/kinit
	sasl.kerberos.min.time.before.relogin = 60000
	sasl.kerberos.service.name = null
	sasl.kerberos.ticket.renew.jitter = 0.05
	sasl.kerberos.ticket.renew.window.factor = 0.8
	sasl.login.callback.handler.class = null
	sasl.login.class = null
	sasl.login.refresh.buffer.seconds = 300
	sasl.login.refresh.min.period.seconds = 60
	sasl.login.refresh.window.factor = 0.8
	sasl.login.refresh.window.jitter = 0.05
	sasl.mechanism = GSSAPI
	security.protocol = PLAINTEXT
	security.providers = null
	send.buffer.bytes = 131072
	session.timeout.ms = 10000
	socket.connection.setup.timeout.max.ms = 127000
	socket.connection.setup.timeout.ms = 10000
	ssl.cipher.suites = null
	ssl.enabled.protocols = [TLSv1.2, TLSv1.3]
	ssl.endpoint.identification.algorithm = https
	ssl.engine.factory.class = null
	ssl.key.password = null
	ssl.keymanager.algorithm = SunX509
	ssl.keystore.certificate.chain = null
	ssl.keystore.key = null
	ssl.keystore.location = null
	ssl.keystore.password = null
	ssl.keystore.type = JKS
	ssl.protocol = TLSv1.3
	ssl.provider = null
	ssl.secure.random.implementation = null
	ssl.trustmanager.algorithm = PKIX
	ssl.truststore.certificates = null
	ssl.truststore.location = null
	ssl.truststore.password = null
	ssl.truststore.type = JKS
	value.deserializer = class org.apache.kafka.common.serialization.ByteArrayDeserializer

2021-06-17 23:26:04.939  INFO 17252 --- [container-0-C-1] o.a.k.c.c.internals.ConsumerCoordinator  : [Consumer clientId=consumer-anonymous.b232751e-5d3b-4718-9c1a-c33b64527b98-2, groupId=anonymous.b232751e-5d3b-4718-9c1a-c33b64527b98] Adding newly assigned partitions: demo-0
2021-06-17 23:26:04.941  INFO 17252 --- [           main] o.a.kafka.common.utils.AppInfoParser     : Kafka version: 2.7.1
2021-06-17 23:26:04.941  INFO 17252 --- [           main] o.a.kafka.common.utils.AppInfoParser     : Kafka commitId: 61dbce85d0d41457
2021-06-17 23:26:04.941  INFO 17252 --- [           main] o.a.kafka.common.utils.AppInfoParser     : Kafka startTimeMs: 1623961564941
2021-06-17 23:26:04.942  INFO 17252 --- [           main] o.a.k.clients.consumer.KafkaConsumer     : [Consumer clientId=consumer-test-p2p-group-4, groupId=test-p2p-group] Subscribed to topic(s): demo-p2p
2021-06-17 23:26:04.956  INFO 17252 --- [           main] s.i.k.i.KafkaMessageDrivenChannelAdapter : started org.springframework.integration.kafka.inbound.KafkaMessageDrivenChannelAdapter@468173fa
2021-06-17 23:26:04.957  INFO 17252 --- [container-0-C-1] o.a.k.c.c.internals.ConsumerCoordinator  : [Consumer clientId=consumer-anonymous.b232751e-5d3b-4718-9c1a-c33b64527b98-2, groupId=anonymous.b232751e-5d3b-4718-9c1a-c33b64527b98] Found no committed offset for partition demo-0
2021-06-17 23:26:04.961  INFO 17252 --- [container-0-C-1] org.apache.kafka.clients.Metadata        : [Consumer clientId=consumer-test-p2p-group-4, groupId=test-p2p-group] Cluster ID: 8hnYtnmgQYejKAbBki2tQQ
2021-06-17 23:26:04.961  INFO 17252 --- [container-0-C-1] o.a.k.c.c.internals.AbstractCoordinator  : [Consumer clientId=consumer-test-p2p-group-4, groupId=test-p2p-group] Discovered group coordinator 10.5.206.25:9092 (id: 2147483647 rack: null)
2021-06-17 23:26:04.962  INFO 17252 --- [container-0-C-1] o.a.k.c.c.internals.AbstractCoordinator  : [Consumer clientId=consumer-test-p2p-group-4, groupId=test-p2p-group] (Re-)joining group
2021-06-17 23:26:04.962  INFO 17252 --- [container-0-C-1] o.a.k.c.c.internals.ConsumerCoordinator  : [Consumer clientId=consumer-anonymous.b232751e-5d3b-4718-9c1a-c33b64527b98-2, groupId=anonymous.b232751e-5d3b-4718-9c1a-c33b64527b98] Found no committed offset for partition demo-0
2021-06-17 23:26:04.965  INFO 17252 --- [container-0-C-1] o.a.k.c.c.internals.AbstractCoordinator  : [Consumer clientId=consumer-test-p2p-group-4, groupId=test-p2p-group] (Re-)joining group
2021-06-17 23:26:04.973  INFO 17252 --- [container-0-C-1] o.a.k.c.c.internals.SubscriptionState    : [Consumer clientId=consumer-anonymous.b232751e-5d3b-4718-9c1a-c33b64527b98-2, groupId=anonymous.b232751e-5d3b-4718-9c1a-c33b64527b98] Resetting offset for partition demo-0 to position FetchPosition{offset=11, offsetEpoch=Optional.empty, currentLeader=LeaderAndEpoch{leader=Optional[10.5.206.25:9092 (id: 0 rack: null)], epoch=0}}.
2021-06-17 23:26:04.973  INFO 17252 --- [           main] r.d.t.m.module10.Module10Application     : Started Module10Application in 2.24 seconds (JVM running for 3.089)
2021-06-17 23:26:04.978  INFO 17252 --- [container-0-C-1] o.s.c.s.b.k.KafkaMessageChannelBinder$2  : anonymous.b232751e-5d3b-4718-9c1a-c33b64527b98: partitions assigned: [demo-0]
2021-06-17 23:26:05.676  INFO 17252 --- [container-0-C-1] o.a.k.c.c.internals.AbstractCoordinator  : [Consumer clientId=consumer-test-p2p-group-4, groupId=test-p2p-group] Successfully joined group with generation Generation{generationId=2, memberId='consumer-test-p2p-group-4-0dc73d7e-83ff-46e3-b23f-81319f71a915', protocol='range'}
2021-06-17 23:26:05.676  INFO 17252 --- [container-0-C-1] o.a.k.c.c.internals.ConsumerCoordinator  : [Consumer clientId=consumer-test-p2p-group-4, groupId=test-p2p-group] Finished assignment for group at generation 2: {consumer-test-p2p-group-4-0dc73d7e-83ff-46e3-b23f-81319f71a915=Assignment(partitions=[demo-p2p-0])}
2021-06-17 23:26:05.680  INFO 17252 --- [container-0-C-1] o.a.k.c.c.internals.AbstractCoordinator  : [Consumer clientId=consumer-test-p2p-group-4, groupId=test-p2p-group] Successfully synced group in generation Generation{generationId=2, memberId='consumer-test-p2p-group-4-0dc73d7e-83ff-46e3-b23f-81319f71a915', protocol='range'}
2021-06-17 23:26:05.680  INFO 17252 --- [container-0-C-1] o.a.k.c.c.internals.ConsumerCoordinator  : [Consumer clientId=consumer-test-p2p-group-4, groupId=test-p2p-group] Notifying assignor about the new Assignment(partitions=[demo-p2p-0])
2021-06-17 23:26:05.680  INFO 17252 --- [container-0-C-1] o.a.k.c.c.internals.ConsumerCoordinator  : [Consumer clientId=consumer-test-p2p-group-4, groupId=test-p2p-group] Adding newly assigned partitions: demo-p2p-0
2021-06-17 23:26:05.681  INFO 17252 --- [container-0-C-1] o.a.k.c.c.internals.ConsumerCoordinator  : [Consumer clientId=consumer-test-p2p-group-4, groupId=test-p2p-group] Found no committed offset for partition demo-p2p-0
2021-06-17 23:26:05.684  INFO 17252 --- [container-0-C-1] o.a.k.c.c.internals.SubscriptionState    : [Consumer clientId=consumer-test-p2p-group-4, groupId=test-p2p-group] Resetting offset for partition demo-p2p-0 to position FetchPosition{offset=0, offsetEpoch=Optional.empty, currentLeader=LeaderAndEpoch{leader=Optional[10.5.206.25:9092 (id: 0 rack: null)], epoch=0}}.
2021-06-17 23:26:05.684  INFO 17252 --- [container-0-C-1] o.s.c.s.b.k.KafkaMessageChannelBinder$2  : test-p2p-group: partitions assigned: [demo-p2p-0]
2021-06-17 23:31:27.868 DEBUG 17252 --- [container-0-C-1] r.d.t.m.module10.kafka.MessageListener   : Сообщение всем : Hello from Kafka
2021-06-17 23:31:35.221 DEBUG 17252 --- [container-0-C-1] r.d.t.m.module10.kafka.MessageListener   : Сообщение всем : Eto Lena
2021-06-17 23:31:56.174 DEBUG 17252 --- [container-0-C-1] r.d.t.m.module10.kafka.MessageListener   : Сообщение всем : Sending message from demo topic
2021-06-17 23:32:38.079 DEBUG 17252 --- [container-0-C-1] r.d.t.m.module10.kafka.MessageListener   : Сообщение получателю : 123
2021-06-17 23:32:49.335 DEBUG 17252 --- [container-0-C-1] r.d.t.m.module10.kafka.MessageListener   : Сообщение получателю : From topic p2p